0 info it worked if it ends with ok
1 verbose cli [ 'C:\\Program Files\\nodejs\\node.exe',
1 verbose cli   'C:\\Program Files\\nodejs\\node_modules\\npm\\bin\\npm-cli.js',
1 verbose cli   'run',
1 verbose cli   'eject' ]
2 info using npm@3.10.10
3 info using node@v6.11.4
4 verbose run-script [ 'preeject', 'eject', 'posteject' ]
5 info lifecycle shop-client@0.1.0~preeject: shop-client@0.1.0
6 silly lifecycle shop-client@0.1.0~preeject: no script for preeject, continuing
7 info lifecycle shop-client@0.1.0~eject: shop-client@0.1.0
8 verbose lifecycle shop-client@0.1.0~eject: unsafe-perm in lifecycle true
9 verbose lifecycle shop-client@0.1.0~eject: PATH: C:\Program Files\nodejs\node_modules\npm\bin\node-gyp-bin;E:\workspace\shop\shop\node_modules\.bin;C:\Windows\system32;C:\Windows;C:\Windows\System32\Wbem;C:\Windows\System32\WindowsPowerShell\v1.0\;C:\Program Files (x86)\NVIDIA Corporation\PhysX\CommonL;E:\Program Files\Java\jdk1.8.0_131\bin;E:\Program Files\Java\jdk1.8.0_131\jre\bin;E:\Program Files\apache-maven-3.5.0-bin\apache-maven-3.5.0\bin;E:\Program Files\mysql-5.6.37-winx64\bin;C:\ProgramData\chocolatey\bin;C:\Program Files\Git\cmd;E:\android\Android SDK\tools;E:\android\Android SDK\platform-tools;D:\Program Files\gradle-4.1\bin;D:\Program Files\apache-tomcat-8.5.20\bin;C:\Users\jiangdongdong.tp\AppData\Roaming\npm;C:\Program Files\nodejs\;C:\Users\jiangdongdong.tp\AppData\Local\GitHubDesktop\bin;C:\Users\jiangdongdong.tp\AppData\Roaming\npm
10 verbose lifecycle shop-client@0.1.0~eject: CWD: E:\workspace\shop\shop
11 silly lifecycle shop-client@0.1.0~eject: Args: [ '/d /s /c', 'react-scripts eject' ]
12 silly lifecycle shop-client@0.1.0~eject: Returned: code: 1  signal: null
13 info lifecycle shop-client@0.1.0~eject: Failed to exec eject script
14 verbose stack Error: shop-client@0.1.0 eject: `react-scripts eject`
14 verbose stack Exit status 1
14 verbose stack     at EventEmitter.<anonymous> (C:\Program Files\nodejs\node_modules\npm\lib\utils\lifecycle.js:255:16)
14 verbose stack     at emitTwo (events.js:106:13)
14 verbose stack     at EventEmitter.emit (events.js:191:7)
14 verbose stack     at ChildProcess.<anonymous> (C:\Program Files\nodejs\node_modules\npm\lib\utils\spawn.js:40:14)
14 verbose stack     at emitTwo (events.js:106:13)
14 verbose stack     at ChildProcess.emit (events.js:191:7)
14 verbose stack     at maybeClose (internal/child_process.js:920:16)
14 verbose stack     at Process.ChildProcess._handle.onexit (internal/child_process.js:230:5)
15 verbose pkgid shop-client@0.1.0
16 verbose cwd E:\workspace\shop\shop
17 error Windows_NT 6.1.7601
18 error argv "C:\\Program Files\\nodejs\\node.exe" "C:\\Program Files\\nodejs\\node_modules\\npm\\bin\\npm-cli.js" "run" "eject"
19 error node v6.11.4
20 error npm  v3.10.10
21 error code ELIFECYCLE
22 error shop-client@0.1.0 eject: `react-scripts eject`
22 error Exit status 1
23 error Failed at the shop-client@0.1.0 eject script 'react-scripts eject'.
23 error Make sure you have the latest version of node.js and npm installed.
23 error If you do, this is most likely a problem with the shop-client package,
23 error not with npm itself.
23 error Tell the author that this fails on your system:
23 error     react-scripts eject
23 error You can get information on how to open an issue for this project with:
23 error     npm bugs shop-client
23 error Or if that isn't available, you can get their info via:
23 error     npm owner ls shop-client
23 error There is likely additional logging output above.
24 verbose exit [ 1, true ]
